INFO  - 2014-11-07 15:58:29.871; org.apache.solr.servlet.SolrDispatchFilter; SolrDispatchFilter.init()
INFO  - 2014-11-07 15:58:29.882; org.apache.solr.core.SolrResourceLoader; No /solr/home in JNDI
INFO  - 2014-11-07 15:58:29.882; org.apache.solr.core.SolrResourceLoader; using system property solr.solr.home: /apps/biodiv/solr
INFO  - 2014-11-07 15:58:29.884; org.apache.solr.core.SolrResourceLoader; new SolrResourceLoader for directory: '/apps/biodiv/solr/'
INFO  - 2014-11-07 15:58:30.078; org.apache.solr.core.ConfigSolr; Loading container configuration from /apps/biodiv/solr/solr.xml
INFO  - 2014-11-07 15:58:30.161; org.apache.solr.core.CoreContainer; New CoreContainer 1700142326
INFO  - 2014-11-07 15:58:30.162; org.apache.solr.core.CoreContainer; Loading cores into CoreContainer [instanceDir=/apps/biodiv/solr/]
INFO  - 2014-11-07 15:58:30.172; org.apache.solr.handler.component.HttpShardHandlerFactory; Setting socketTimeout to: 0
INFO  - 2014-11-07 15:58:30.172; org.apache.solr.handler.component.HttpShardHandlerFactory; Setting urlScheme to: null
INFO  - 2014-11-07 15:58:30.172; org.apache.solr.handler.component.HttpShardHandlerFactory; Setting connTimeout to: 0
INFO  - 2014-11-07 15:58:30.172; org.apache.solr.handler.component.HttpShardHandlerFactory; Setting maxConnectionsPerHost to: 20
INFO  - 2014-11-07 15:58:30.172; org.apache.solr.handler.component.HttpShardHandlerFactory; Setting corePoolSize to: 0
INFO  - 2014-11-07 15:58:30.172; org.apache.solr.handler.component.HttpShardHandlerFactory; Setting maximumPoolSize to: 2147483647
INFO  - 2014-11-07 15:58:30.173; org.apache.solr.handler.component.HttpShardHandlerFactory; Setting maxThreadIdleTime to: 5
INFO  - 2014-11-07 15:58:30.173; org.apache.solr.handler.component.HttpShardHandlerFactory; Setting sizeOfQueue to: -1
INFO  - 2014-11-07 15:58:30.173; org.apache.solr.handler.component.HttpShardHandlerFactory; Setting fairnessPolicy to: false
INFO  - 2014-11-07 15:58:30.203; org.apache.solr.update.UpdateShardHandler; Creating UpdateShardHandler HTTP client with params: socketTimeout=0&connTimeout=0&retry=false
INFO  - 2014-11-07 15:58:30.205; org.apache.solr.logging.LogWatcher; SLF4J impl is org.slf4j.impl.Log4jLoggerFactory
INFO  - 2014-11-07 15:58:30.206; org.apache.solr.logging.LogWatcher; Registering Log Listener [Log4j (org.slf4j.impl.Log4jLoggerFactory)]
INFO  - 2014-11-07 15:58:30.207; org.apache.solr.core.CoreContainer; Host Name: null
INFO  - 2014-11-07 15:58:30.253; org.apache.solr.core.SolrResourceLoader; new SolrResourceLoader for directory: '/apps/biodiv/solr/wikwio/'
INFO  - 2014-11-07 15:58:30.253; org.apache.solr.core.SolrResourceLoader; new SolrResourceLoader for directory: '/apps/biodiv/solr/biodiv/'
INFO  - 2014-11-07 15:58:30.340; org.apache.solr.core.SolrConfig; Adding specified lib dirs to ClassLoader
WARN  - 2014-11-07 15:58:30.341; org.apache.solr.core.SolrResourceLoader; Can't find (or read) directory to add to classloader: ../../../contrib/extraction/lib (resolved as: /apps/biodiv/solr/wikwio/../../../contrib/extraction/lib).
WARN  - 2014-11-07 15:58:30.341; org.apache.solr.core.SolrResourceLoader; Can't find (or read) directory to add to classloader: ../../../dist/ (resolved as: /apps/biodiv/solr/wikwio/../../../dist).
WARN  - 2014-11-07 15:58:30.341; org.apache.solr.core.SolrResourceLoader; Can't find (or read) directory to add to classloader: ../../../contrib/clustering/lib/ (resolved as: /apps/biodiv/solr/wikwio/../../../contrib/clustering/lib).
WARN  - 2014-11-07 15:58:30.341; org.apache.solr.core.SolrResourceLoader; Can't find (or read) directory to add to classloader: ../../../dist/ (resolved as: /apps/biodiv/solr/wikwio/../../../dist).
WARN  - 2014-11-07 15:58:30.341; org.apache.solr.core.SolrResourceLoader; Can't find (or read) directory to add to classloader: ../../../contrib/langid/lib/ (resolved as: /apps/biodiv/solr/wikwio/../../../contrib/langid/lib).
WARN  - 2014-11-07 15:58:30.342; org.apache.solr.core.SolrResourceLoader; Can't find (or read) directory to add to classloader: ../../../dist/ (resolved as: /apps/biodiv/solr/wikwio/../../../dist).
WARN  - 2014-11-07 15:58:30.342; org.apache.solr.core.SolrResourceLoader; Can't find (or read) directory to add to classloader: ../../../contrib/velocity/lib (resolved as: /apps/biodiv/solr/wikwio/../../../contrib/velocity/lib).
WARN  - 2014-11-07 15:58:30.342; org.apache.solr.core.SolrResourceLoader; Can't find (or read) directory to add to classloader: ../../../dist/ (resolved as: /apps/biodiv/solr/wikwio/../../../dist).
INFO  - 2014-11-07 15:58:30.347; org.apache.solr.core.SolrConfig; Adding specified lib dirs to ClassLoader
WARN  - 2014-11-07 15:58:30.347; org.apache.solr.core.SolrResourceLoader; Can't find (or read) directory to add to classloader: ../../../contrib/extraction/lib (resolved as: /apps/biodiv/solr/biodiv/../../../contrib/extraction/lib).
WARN  - 2014-11-07 15:58:30.348; org.apache.solr.core.SolrResourceLoader; Can't find (or read) directory to add to classloader: ../../../dist/ (resolved as: /apps/biodiv/solr/biodiv/../../../dist).
WARN  - 2014-11-07 15:58:30.348; org.apache.solr.core.SolrResourceLoader; Can't find (or read) directory to add to classloader: ../../../contrib/clustering/lib/ (resolved as: /apps/biodiv/solr/biodiv/../../../contrib/clustering/lib).
WARN  - 2014-11-07 15:58:30.348; org.apache.solr.core.SolrResourceLoader; Can't find (or read) directory to add to classloader: ../../../dist/ (resolved as: /apps/biodiv/solr/biodiv/../../../dist).
WARN  - 2014-11-07 15:58:30.348; org.apache.solr.core.SolrResourceLoader; Can't find (or read) directory to add to classloader: ../../../contrib/langid/lib/ (resolved as: /apps/biodiv/solr/biodiv/../../../contrib/langid/lib).
WARN  - 2014-11-07 15:58:30.349; org.apache.solr.core.SolrResourceLoader; Can't find (or read) directory to add to classloader: ../../../dist/ (resolved as: /apps/biodiv/solr/biodiv/../../../dist).
WARN  - 2014-11-07 15:58:30.349; org.apache.solr.core.SolrResourceLoader; Can't find (or read) directory to add to classloader: ../../../contrib/velocity/lib (resolved as: /apps/biodiv/solr/biodiv/../../../contrib/velocity/lib).
WARN  - 2014-11-07 15:58:30.349; org.apache.solr.core.SolrResourceLoader; Can't find (or read) directory to add to classloader: ../../../dist/ (resolved as: /apps/biodiv/solr/biodiv/../../../dist).
INFO  - 2014-11-07 15:58:30.448; org.apache.solr.update.SolrIndexConfig; IndexWriter infoStream solr logging is enabled
INFO  - 2014-11-07 15:58:30.455; org.apache.solr.core.SolrConfig; Using Lucene MatchVersion: 4.10.0
INFO  - 2014-11-07 15:58:30.462; org.apache.solr.update.SolrIndexConfig; IndexWriter infoStream solr logging is enabled
INFO  - 2014-11-07 15:58:30.469; org.apache.solr.core.SolrConfig; Using Lucene MatchVersion: 4.10.0
INFO  - 2014-11-07 15:58:30.561; org.apache.solr.core.SolrConfig; Loaded SolrConfig: solrconfig.xml
INFO  - 2014-11-07 15:58:30.561; org.apache.solr.core.SolrConfig; Loaded SolrConfig: solrconfig.xml
INFO  - 2014-11-07 15:58:30.569; org.apache.solr.schema.IndexSchema; Reading Solr Schema from schema.xml
INFO  - 2014-11-07 15:58:30.569; org.apache.solr.schema.IndexSchema; Reading Solr Schema from schema.xml
INFO  - 2014-11-07 15:58:30.595; org.apache.solr.schema.IndexSchema; [wikwio] Schema name=biodiv
INFO  - 2014-11-07 15:58:30.600; org.apache.solr.schema.IndexSchema; [biodiv] Schema name=biodiv
INFO  - 2014-11-07 15:58:30.873; org.apache.solr.schema.IndexSchema; unique key field: id
WARN  - 2014-11-07 15:58:30.916; org.apache.solr.schema.AbstractSpatialFieldType; Using old worldBounds format? Should use ENVELOPE(xMin, xMax, yMax, yMin).
INFO  - 2014-11-07 15:58:30.992; org.apache.solr.core.CoreContainer; Creating SolrCore 'wikwio' using configuration from instancedir /apps/biodiv/solr/wikwio/
INFO  - 2014-11-07 15:58:31.015; org.apache.solr.core.SolrCore; solr.NRTCachingDirectoryFactory
INFO  - 2014-11-07 15:58:31.022; org.apache.solr.core.SolrCore; [wikwio] Opening new SolrCore at /apps/biodiv/solr/wikwio/, dataDir=/apps/biodiv/solr/wikwio/data/
INFO  - 2014-11-07 15:58:31.024; org.apache.solr.core.JmxMonitoredMap; JMX monitoring is enabled. Adding Solr mbeans to JMX Server: com.sun.jmx.mbeanserver.JmxMBeanServer@1398c0b5
INFO  - 2014-11-07 15:58:31.048; org.apache.solr.core.SolrCore; [wikwio] Added SolrEventListener for newSearcher: org.apache.solr.core.QuerySenderListener{queries=[]}
INFO  - 2014-11-07 15:58:31.049; org.apache.solr.core.SolrCore; [wikwio] Added SolrEventListener for firstSearcher: org.apache.solr.core.QuerySenderListener{queries=[{q=static firstSearcher warming in solrconfig.xml}]}
INFO  - 2014-11-07 15:58:31.064; org.apache.solr.core.CachingDirectoryFactory; return new directory for /apps/biodiv/solr/wikwio/data
INFO  - 2014-11-07 15:58:31.064; org.apache.solr.core.SolrCore; New index directory detected: old=null new=/apps/biodiv/solr/wikwio/data/index/
INFO  - 2014-11-07 15:58:31.065; org.apache.solr.core.CachingDirectoryFactory; return new directory for /apps/biodiv/solr/wikwio/data/index
INFO  - 2014-11-07 15:58:31.076; org.apache.solr.core.SolrCore; created json: solr.JSONResponseWriter
INFO  - 2014-11-07 15:58:31.076; org.apache.solr.core.SolrCore; adding lazy queryResponseWriter: solr.VelocityResponseWriter
INFO  - 2014-11-07 15:58:31.076; org.apache.solr.core.SolrCore; created velocity: solr.VelocityResponseWriter
INFO  - 2014-11-07 15:58:31.079; org.apache.solr.core.SolrCore; created xslt: solr.XSLTResponseWriter
INFO  - 2014-11-07 15:58:31.079; org.apache.solr.response.XSLTResponseWriter; xsltCacheLifetimeSeconds=5
INFO  - 2014-11-07 15:58:31.181; org.apache.solr.core.SolrCore; no updateRequestProcessorChain defined as default, creating implicit default
INFO  - 2014-11-07 15:58:31.189; org.apache.solr.core.RequestHandlers; created /update: org.apache.solr.handler.UpdateRequestHandler
INFO  - 2014-11-07 15:58:31.189; org.apache.solr.core.RequestHandlers; created /update/json: org.apache.solr.handler.UpdateRequestHandler
INFO  - 2014-11-07 15:58:31.190; org.apache.solr.core.RequestHandlers; created /update/csv: org.apache.solr.handler.UpdateRequestHandler
INFO  - 2014-11-07 15:58:31.190; org.apache.solr.core.RequestHandlers; created /update/json/docs: org.apache.solr.handler.UpdateRequestHandler
INFO  - 2014-11-07 15:58:31.195; org.apache.solr.core.RequestHandlers; created /select: solr.SearchHandler
INFO  - 2014-11-07 15:58:31.196; org.apache.solr.core.RequestHandlers; created /query: solr.SearchHandler
INFO  - 2014-11-07 15:58:31.198; org.apache.solr.core.RequestHandlers; created /get: solr.RealTimeGetHandler
INFO  - 2014-11-07 15:58:31.198; org.apache.solr.core.RequestHandlers; created /export: solr.SearchHandler
INFO  - 2014-11-07 15:58:31.199; org.apache.solr.core.RequestHandlers; created /browse: solr.SearchHandler
WARN  - 2014-11-07 15:58:31.200; org.apache.solr.core.RequestHandlers; Multiple requestHandler registered to the same name: /update ignoring: org.apache.solr.handler.UpdateRequestHandler
INFO  - 2014-11-07 15:58:31.200; org.apache.solr.core.RequestHandlers; created /update: solr.UpdateRequestHandler
INFO  - 2014-11-07 15:58:31.200; org.apache.solr.core.RequestHandlers; adding lazy requestHandler: solr.extraction.ExtractingRequestHandler
INFO  - 2014-11-07 15:58:31.201; org.apache.solr.core.RequestHandlers; created /update/extract: solr.extraction.ExtractingRequestHandler
INFO  - 2014-11-07 15:58:31.201; org.apache.solr.core.RequestHandlers; adding lazy requestHandler: solr.FieldAnalysisRequestHandler
INFO  - 2014-11-07 15:58:31.201; org.apache.solr.core.RequestHandlers; created /analysis/field: solr.FieldAnalysisRequestHandler
INFO  - 2014-11-07 15:58:31.201; org.apache.solr.core.RequestHandlers; adding lazy requestHandler: solr.DocumentAnalysisRequestHandler
INFO  - 2014-11-07 15:58:31.202; org.apache.solr.core.RequestHandlers; created /analysis/document: solr.DocumentAnalysisRequestHandler
INFO  - 2014-11-07 15:58:31.203; org.apache.solr.core.RequestHandlers; created /admin/: solr.admin.AdminHandlers
INFO  - 2014-11-07 15:58:31.206; org.apache.solr.core.RequestHandlers; created /admin/ping: solr.PingRequestHandler
INFO  - 2014-11-07 15:58:31.207; org.apache.solr.core.RequestHandlers; created /debug/dump: solr.DumpRequestHandler
INFO  - 2014-11-07 15:58:31.217; org.apache.solr.core.RequestHandlers; created /replication: solr.ReplicationHandler
INFO  - 2014-11-07 15:58:31.217; org.apache.solr.core.RequestHandlers; adding lazy requestHandler: solr.SearchHandler
INFO  - 2014-11-07 15:58:31.217; org.apache.solr.core.RequestHandlers; created /spell: solr.SearchHandler
INFO  - 2014-11-07 15:58:31.218; org.apache.solr.core.RequestHandlers; adding lazy requestHandler: solr.SearchHandler
INFO  - 2014-11-07 15:58:31.218; org.apache.solr.core.RequestHandlers; created /suggest: solr.SearchHandler
INFO  - 2014-11-07 15:58:31.218; org.apache.solr.core.RequestHandlers; adding lazy requestHandler: solr.SearchHandler
INFO  - 2014-11-07 15:58:31.218; org.apache.solr.core.RequestHandlers; created /tvrh: solr.SearchHandler
INFO  - 2014-11-07 15:58:31.218; org.apache.solr.core.RequestHandlers; adding lazy requestHandler: solr.SearchHandler
INFO  - 2014-11-07 15:58:31.218; org.apache.solr.core.RequestHandlers; created /terms: solr.SearchHandler
INFO  - 2014-11-07 15:58:31.219; org.apache.solr.core.RequestHandlers; adding lazy requestHandler: solr.SearchHandler
INFO  - 2014-11-07 15:58:31.219; org.apache.solr.core.RequestHandlers; created /elevate: solr.SearchHandler
INFO  - 2014-11-07 15:58:31.234; org.apache.solr.handler.loader.XMLLoader; xsltCacheLifetimeSeconds=60
INFO  - 2014-11-07 15:58:31.236; org.apache.solr.handler.loader.XMLLoader; xsltCacheLifetimeSeconds=60
INFO  - 2014-11-07 15:58:31.237; org.apache.solr.handler.loader.XMLLoader; xsltCacheLifetimeSeconds=60
INFO  - 2014-11-07 15:58:31.237; org.apache.solr.handler.loader.XMLLoader; xsltCacheLifetimeSeconds=60
INFO  - 2014-11-07 15:58:31.238; org.apache.solr.handler.loader.XMLLoader; xsltCacheLifetimeSeconds=60
INFO  - 2014-11-07 15:58:31.261; org.apache.solr.update.CommitTracker; Hard AutoCommit: if uncommited for 15000ms; 
INFO  - 2014-11-07 15:58:31.261; org.apache.solr.update.CommitTracker; Soft AutoCommit: disabled
INFO  - 2014-11-07 15:58:31.307; org.apache.solr.core.SolrDeletionPolicy; SolrDeletionPolicy.onInit: commits: num=1
	commit{dir=NRTCachingDirectory(MMapDirectory@/apps/biodiv/solr/wikwio/data/index lockFactory=NativeFSLockFactory@/apps/biodiv/solr/wikwio/data/index; maxCacheMB=48.0 maxMergeSizeMB=4.0),segFN=segments_ai,generation=378}
INFO  - 2014-11-07 15:58:31.307; org.apache.solr.core.SolrDeletionPolicy; newest commit generation = 378
INFO  - 2014-11-07 15:58:31.351; org.apache.solr.search.SolrIndexSearcher; Opening Searcher@45459e10[wikwio] main
INFO  - 2014-11-07 15:58:31.358; org.apache.solr.rest.ManagedResourceStorage$FileStorageIO; File-based storage initialized to use dir: /apps/biodiv/solr/wikwio/conf
INFO  - 2014-11-07 15:58:31.358; org.apache.solr.rest.RestManager; Initializing RestManager with initArgs: {storageDir=/apps/biodiv/solr/wikwio/conf}
INFO  - 2014-11-07 15:58:31.370; org.apache.solr.rest.ManagedResourceStorage; Reading _rest_managed.json using file:dir=/apps/biodiv/solr/wikwio/conf
INFO  - 2014-11-07 15:58:31.373; org.apache.solr.rest.ManagedResourceStorage; Loaded LinkedHashMap at path _rest_managed.json using file:dir=/apps/biodiv/solr/wikwio/conf
INFO  - 2014-11-07 15:58:31.373; org.apache.solr.rest.ManagedResource; Loaded initArgs {} for /rest/managed
INFO  - 2014-11-07 15:58:31.374; org.apache.solr.rest.RestManager; Initializing 0 registered ManagedResources
INFO  - 2014-11-07 15:58:31.374; org.apache.solr.handler.component.SpellCheckComponent; Initializing spell checkers
INFO  - 2014-11-07 15:58:31.381; org.apache.solr.spelling.DirectSolrSpellChecker; init: {name=default,field=text,classname=solr.DirectSolrSpellChecker,distanceMeasure=internal,accuracy=0.5,maxEdits=2,minPrefix=1,maxInspections=5,minQueryLength=4,maxQueryFrequency=0.01}
INFO  - 2014-11-07 15:58:31.387; org.apache.solr.handler.component.SpellCheckComponent; No queryConverter defined, using default converter
INFO  - 2014-11-07 15:58:31.388; org.apache.solr.handler.component.SuggestComponent; Initializing SuggestComponent
INFO  - 2014-11-07 15:58:31.389; org.apache.solr.spelling.suggest.SolrSuggester; init: {name=mySuggester,lookupImpl=FuzzyLookupFactory,dictionaryImpl=DocumentDictionaryFactory,field=cat,weightField=price,suggestAnalyzerFieldType=string}
INFO  - 2014-11-07 15:58:31.406; org.apache.solr.spelling.suggest.SolrSuggester; Dictionary loaded with params: {name=mySuggester,lookupImpl=FuzzyLookupFactory,dictionaryImpl=DocumentDictionaryFactory,field=cat,weightField=price,suggestAnalyzerFieldType=string}
INFO  - 2014-11-07 15:58:31.408; org.apache.solr.handler.component.QueryElevationComponent; Loading QueryElevation from: /apps/biodiv/solr/wikwio/conf/elevate.xml
INFO  - 2014-11-07 15:58:31.442; org.apache.solr.handler.ReplicationHandler; Commits will be reserved for  10000
INFO  - 2014-11-07 15:58:31.443; org.apache.solr.core.QuerySenderListener; QuerySenderListener sending requests to Searcher@45459e10[wikwio] main{StandardDirectoryReader(segments_ai:910:nrt _bc(4.10.0):C2913 _bd(4.10.0):C1 _bf(4.10.0):C1)}
INFO  - 2014-11-07 15:58:31.509; org.apache.solr.core.SolrCore; [wikwio] webapp=null path=null params={event=firstSearcher&q=static+firstSearcher+warming+in+solrconfig.xml&distrib=false} hits=173 status=0 QTime=65 
INFO  - 2014-11-07 15:58:31.566; org.apache.solr.core.QuerySenderListener; QuerySenderListener done.
INFO  - 2014-11-07 15:58:31.567; org.apache.solr.handler.component.SpellCheckComponent$SpellCheckerListener; Loading spell index for spellchecker: default
INFO  - 2014-11-07 15:58:31.567; org.apache.solr.handler.component.SpellCheckComponent$SpellCheckerListener; Loading spell index for spellchecker: wordbreak
INFO  - 2014-11-07 15:58:31.567; org.apache.solr.handler.component.SuggestComponent$SuggesterListener; Loading suggester index for: mySuggester
INFO  - 2014-11-07 15:58:31.568; org.apache.solr.spelling.suggest.SolrSuggester; reload()
INFO  - 2014-11-07 15:58:31.568; org.apache.solr.spelling.suggest.SolrSuggester; build()
INFO  - 2014-11-07 15:58:31.756; org.apache.solr.core.SolrCore; [wikwio] Registered new searcher Searcher@45459e10[wikwio] main{StandardDirectoryReader(segments_ai:910:nrt _bc(4.10.0):C2913 _bd(4.10.0):C1 _bf(4.10.0):C1)}
INFO  - 2014-11-07 15:58:31.759; org.apache.solr.core.CoreContainer; registering core: wikwio
INFO  - 2014-11-07 15:58:31.761; org.apache.solr.servlet.SolrDispatchFilter; user.dir=/apps/biodiv/solr/biodiv/conf
INFO  - 2014-11-07 15:58:31.761; org.apache.solr.servlet.SolrDispatchFilter; SolrDispatchFilter.init() done
WARN  - 2014-11-07 15:58:32.621; org.geotools.util.logging.Log4JLogger; No log4jConfigFile defined in services.xml:  using 'DEFAULT_LOGGING.properties'
INFO  - 2014-11-07 16:01:33.500; org.apache.solr.core.CoreContainer; Shutting down CoreContainer instance=1700142326
INFO  - 2014-11-07 16:01:33.501; org.apache.solr.core.SolrCore; [wikwio]  CLOSING SolrCore org.apache.solr.core.SolrCore@70ee7f14
INFO  - 2014-11-07 16:01:33.506; org.apache.solr.update.DirectUpdateHandler2; closing DirectUpdateHandler2{commits=0,autocommit maxTime=15000ms,autocommits=0,soft autocommits=0,optimizes=0,rollbacks=0,expungeDeletes=0,docsPending=0,adds=0,deletesById=0,deletesByQuery=0,errors=0,cumulative_adds=0,cumulative_deletesById=0,cumulative_deletesByQuery=0,cumulative_errors=0,transaction_logs_total_size=368186,transaction_logs_total_number=10}
INFO  - 2014-11-07 16:01:33.506; org.apache.solr.update.SolrCoreState; Closing SolrCoreState
INFO  - 2014-11-07 16:01:33.506; org.apache.solr.update.DefaultSolrCoreState; SolrCoreState ref count has reached 0 - closing IndexWriter
INFO  - 2014-11-07 16:01:33.506; org.apache.solr.update.DefaultSolrCoreState; closing IndexWriter with IndexWriterCloser
INFO  - 2014-11-07 16:01:33.512; org.apache.solr.core.SolrCore; [wikwio] Closing main searcher on request.
INFO  - 2014-11-07 16:01:33.514; org.apache.solr.core.CachingDirectoryFactory; Closing NRTCachingDirectoryFactory - 2 directories currently being tracked
INFO  - 2014-11-07 16:01:33.514; org.apache.solr.core.CachingDirectoryFactory; looking to close /apps/biodiv/solr/wikwio/data [CachedDir<<refCount=0;path=/apps/biodiv/solr/wikwio/data;done=false>>]
INFO  - 2014-11-07 16:01:33.514; org.apache.solr.core.CachingDirectoryFactory; Closing directory: /apps/biodiv/solr/wikwio/data
INFO  - 2014-11-07 16:01:33.514; org.apache.solr.core.CachingDirectoryFactory; looking to close /apps/biodiv/solr/wikwio/data/index [CachedDir<<refCount=0;path=/apps/biodiv/solr/wikwio/data/index;done=false>>]
INFO  - 2014-11-07 16:01:33.515; org.apache.solr.core.CachingDirectoryFactory; Closing directory: /apps/biodiv/solr/wikwio/data/index
